0 info it worked if it ends with ok
1 verbose cli [ '/home/shelly/.nvm/versions/node/v4.8.6/bin/node',
1 verbose cli   '/home/shelly/.nvm/versions/node/v4.8.6/bin/npm',
1 verbose cli   'run',
1 verbose cli   'dev' ]
2 info using npm@2.15.11
3 info using node@v4.8.6
4 verbose run-script [ 'predev', 'dev', 'postdev' ]
5 info predev reactMDblog-local@1.0.0
6 info dev reactMDblog-local@1.0.0
7 verbose unsafe-perm in lifecycle true
8 info reactMDblog-local@1.0.0 Failed to exec dev script
9 verbose stack Error: reactMDblog-local@1.0.0 dev: `next`
9 verbose stack Exit status 1
9 verbose stack     at EventEmitter.<anonymous> (/home/shelly/.nvm/versions/node/v4.8.6/lib/node_modules/npm/lib/utils/lifecycle.js:217:16)
9 verbose stack     at emitTwo (events.js:87:13)
9 verbose stack     at EventEmitter.emit (events.js:172:7)
9 verbose stack     at ChildProcess.<anonymous> (/home/shelly/.nvm/versions/node/v4.8.6/lib/node_modules/npm/lib/utils/spawn.js:24:14)
9 verbose stack     at emitTwo (events.js:87:13)
9 verbose stack     at ChildProcess.emit (events.js:172:7)
9 verbose stack     at maybeClose (internal/child_process.js:862:16)
9 verbose stack     at Process.ChildProcess._handle.onexit (internal/child_process.js:222:5)
10 verbose pkgid reactMDblog-local@1.0.0
11 verbose cwd /home/shelly/local/vsnchips.github.io
12 error Linux 4.18.16-arch1-1-ARCH
13 error argv "/home/shelly/.nvm/versions/node/v4.8.6/bin/node" "/home/shelly/.nvm/versions/node/v4.8.6/bin/npm" "run" "dev"
14 error node v4.8.6
15 error npm  v2.15.11
16 error code ELIFECYCLE
17 error reactMDblog-local@1.0.0 dev: `next`
17 error Exit status 1
18 error Failed at the reactMDblog-local@1.0.0 dev script 'next'.
18 error This is most likely a problem with the reactMDblog-local package,
18 error not with npm itself.
18 error Tell the author that this fails on your system:
18 error     next
18 error You can get information on how to open an issue for this project with:
18 error     npm bugs reactMDblog-local
18 error Or if that isn't available, you can get their info via:
18 error
18 error     npm owner ls reactMDblog-local
18 error There is likely additional logging output above.
19 verbose exit [ 1, true ]
